# JRE version: Java(TM) SE Runtime Environment (8.0_271-b09) (build 1.8.0_271-b09)
# Java VM: Java HotSpot(TM) 64-Bit Server VM (25.271-b09 mixed mode windows-amd64 compressed oops)
Heap:
 PSYoungGen      total 664576K, used 82756K [0x000000076bb80000, 0x000000079f680000, 0x00000007c0000000)
  eden space 596480K, 13% used [0x000000076bb80000,0x0000000770c51050,0x0000000790200000)
  from space 68096K, 0% used [0x0000000790200000,0x0000000790200000,0x0000000794480000)
  to   space 93184K, 0% used [0x0000000799b80000,0x0000000799b80000,0x000000079f680000)
 ParOldGen       total 191488K, used 162613K [0x00000006c3200000, 0x00000006ced00000, 0x000000076bb80000)
  object space 191488K, 84% used [0x00000006c3200000,0x00000006cd0cd598,0x00000006ced00000)
 Metaspace       used 38106K, capacity 39246K, committed 43568K, reserved 1087488K
  class space    used 4041K, capacity 4324K, committed 4656K, reserved 1048576K
GC Heap History (10 events):
Event: 38.449 GC heap before
{Heap before GC invocations=24 (full 3):
 PSYoungGen      total 664576K, used 68078K [0x000000076bb80000, 0x000000079f680000, 0x00000007c0000000)
  eden space 596480K, 0% used [0x000000076bb80000,0x000000076bb80000,0x0000000790200000)
  from space 68096K, 99% used [0x0000000790200000,0x000000079447bb68,0x0000000794480000)
  to   space 93184K, 0% used [0x0000000799b80000,0x0000000799b80000,0x000000079f680000)
 ParOldGen       total 191488K, used 174573K [0x00000006c3200000, 0x00000006ced00000, 0x000000076bb80000)
  object space 191488K, 91% used [0x00000006c3200000,0x00000006cdc7b420,0x00000006ced00000)
 Metaspace       used 39857K, capacity 43394K, committed 43568K, reserved 1087488K
  class space    used 4267K, capacity 4636K, committed 4656K, reserved 1048576K
Event: 38.745 GC heap after
Heap after GC invocations=24 (full 3):
 PSYoungGen      total 664576K, used 0K [0x000000076bb80000, 0x000000079f680000, 0x00000007c0000000)
  eden space 596480K, 0% used [0x000000076bb80000,0x000000076bb80000,0x0000000790200000)
  from space 68096K, 0% used [0x0000000790200000,0x0000000790200000,0x0000000794480000)
  to   space 93184K, 0% used [0x0000000799b80000,0x0000000799b80000,0x000000079f680000)
 ParOldGen       total 191488K, used 153557K [0x00000006c3200000, 0x00000006ced00000, 0x000000076bb80000)
  object space 191488K, 80% used [0x00000006c3200000,0x00000006cc7f5758,0x00000006ced00000)
 Metaspace       used 38056K, capacity 39182K, committed 43568K, reserved 1087488K
  class space    used 4038K, capacity 4324K, committed 4656K, reserved 1048576K
}
Event: 39.436 GC heap before
{Heap before GC invocations=25 (full 4):
 PSYoungGen      total 664576K, used 596480K [0x000000076bb80000, 0x000000079f680000, 0x00000007c0000000)
  eden space 596480K, 100% used [0x000000076bb80000,0x0000000790200000,0x0000000790200000)
  from space 68096K, 0% used [0x0000000790200000,0x0000000790200000,0x0000000794480000)
  to   space 93184K, 0% used [0x0000000799b80000,0x0000000799b80000,0x000000079f680000)
 ParOldGen       total 191488K, used 153557K [0x00000006c3200000, 0x00000006ced00000, 0x000000076bb80000)
  object space 191488K, 80% used [0x00000006c3200000,0x00000006cc7f5758,0x00000006ced00000)
 Metaspace       used 38076K, capacity 39246K, committed 43568K, reserved 1087488K
  class space    used 4038K, capacity 4324K, committed 4656K, reserved 1048576K
Event: 39.959 GC heap after
Heap after GC invocations=25 (full 4):
 PSYoungGen      total 664576K, used 0K [0x000000076bb80000, 0x000000079f680000, 0x00000007c0000000)
  eden space 596480K, 0% used [0x000000076bb80000,0x000000076bb80000,0x0000000790200000)
  from space 68096K, 0% used [0x0000000790200000,0x0000000790200000,0x0000000794480000)
  to   space 93184K, 0% used [0x0000000799b80000,0x0000000799b80000,0x000000079f680000)
 ParOldGen       total 191488K, used 155535K [0x00000006c3200000, 0x00000006ced00000, 0x000000076bb80000)
  object space 191488K, 81% used [0x00000006c3200000,0x00000006cc9e3e60,0x00000006ced00000)
 Metaspace       used 38076K, capacity 39246K, committed 43568K, reserved 1087488K
  class space    used 4038K, capacity 4324K, committed 4656K, reserved 1048576K
}
Event: 40.724 GC heap before
{Heap before GC invocations=26 (full 5):
 PSYoungGen      total 664576K, used 596480K [0x000000076bb80000, 0x000000079f680000, 0x00000007c0000000)
  eden space 596480K, 100% used [0x000000076bb80000,0x0000000790200000,0x0000000790200000)
  from space 68096K, 0% used [0x0000000790200000,0x0000000790200000,0x0000000794480000)
  to   space 93184K, 0% used [0x0000000799b80000,0x0000000799b80000,0x000000079f680000)
 ParOldGen       total 191488K, used 155535K [0x00000006c3200000, 0x00000006ced00000, 0x000000076bb80000)
  object space 191488K, 81% used [0x00000006c3200000,0x00000006cc9e3e60,0x00000006ced00000)
 Metaspace       used 38086K, capacity 39246K, committed 43568K, reserved 1087488K
  class space    used 4040K, capacity 4324K, committed 4656K, reserved 1048576K
Event: 41.214 GC heap after
Heap after GC invocations=26 (full 5):
 PSYoungGen      total 664576K, used 0K [0x000000076bb80000, 0x000000079f680000, 0x00000007c0000000)
  eden space 596480K, 0% used [0x000000076bb80000,0x000000076bb80000,0x0000000790200000)
  from space 68096K, 0% used [0x0000000790200000,0x0000000790200000,0x0000000794480000)
  to   space 93184K, 0% used [0x0000000799b80000,0x0000000799b80000,0x000000079f680000)
 ParOldGen       total 191488K, used 157407K [0x00000006c3200000, 0x00000006ced00000, 0x000000076bb80000)
  object space 191488K, 82% used [0x00000006c3200000,0x00000006ccbb7f80,0x00000006ced00000)
 Metaspace       used 38086K, capacity 39246K, committed 43568K, reserved 1087488K
  class space    used 4040K, capacity 4324K, committed 4656K, reserved 1048576K
}
Event: 41.915 GC heap before
{Heap before GC invocations=27 (full 6):
 PSYoungGen      total 664576K, used 596480K [0x000000076bb80000, 0x000000079f680000, 0x00000007c0000000)
  eden space 596480K, 100% used [0x000000076bb80000,0x0000000790200000,0x0000000790200000)
  from space 68096K, 0% used [0x0000000790200000,0x0000000790200000,0x0000000794480000)
  to   space 93184K, 0% used [0x0000000799b80000,0x0000000799b80000,0x000000079f680000)
 ParOldGen       total 191488K, used 157407K [0x00000006c3200000, 0x00000006ced00000, 0x000000076bb80000)
  object space 191488K, 82% used [0x00000006c3200000,0x00000006ccbb7f80,0x00000006ced00000)
 Metaspace       used 38103K, capacity 39246K, committed 43568K, reserved 1087488K
  class space    used 4041K, capacity 4324K, committed 4656K, reserved 1048576K
Event: 42.298 GC heap after
Heap after GC invocations=27 (full 6):
 PSYoungGen      total 664576K, used 0K [0x000000076bb80000, 0x000000079f680000, 0x00000007c0000000)
  eden space 596480K, 0% used [0x000000076bb80000,0x000000076bb80000,0x0000000790200000)
  from space 68096K, 0% used [0x0000000790200000,0x0000000790200000,0x0000000794480000)
  to   space 93184K, 0% used [0x0000000799b80000,0x0000000799b80000,0x000000079f680000)
 ParOldGen       total 191488K, used 159329K [0x00000006c3200000, 0x00000006ced00000, 0x000000076bb80000)
  object space 191488K, 83% used [0x00000006c3200000,0x00000006ccd98530,0x00000006ced00000)
 Metaspace       used 38103K, capacity 39246K, committed 43568K, reserved 1087488K
  class space    used 4041K, capacity 4324K, committed 4656K, reserved 1048576K
}
Event: 42.945 GC heap before
{Heap before GC invocations=28 (full 7):
 PSYoungGen      total 664576K, used 596480K [0x000000076bb80000, 0x000000079f680000, 0x00000007c0000000)
  eden space 596480K, 100% used [0x000000076bb80000,0x0000000790200000,0x0000000790200000)
  from space 68096K, 0% used [0x0000000790200000,0x0000000790200000,0x0000000794480000)
  to   space 93184K, 0% used [0x0000000799b80000,0x0000000799b80000,0x000000079f680000)
 ParOldGen       total 191488K, used 159329K [0x00000006c3200000, 0x00000006ced00000, 0x000000076bb80000)
  object space 191488K, 83% used [0x00000006c3200000,0x00000006ccd98530,0x00000006ced00000)
 Metaspace       used 38106K, capacity 39246K, committed 43568K, reserved 1087488K
  class space    used 4041K, capacity 4324K, committed 4656K, reserved 1048576K
Event: 43.065 GC heap after
Heap after GC invocations=28 (full 7):
 PSYoungGen      total 664576K, used 0K [0x000000076bb80000, 0x000000079f680000, 0x00000007c0000000)
  eden space 596480K, 0% used [0x000000076bb80000,0x000000076bb80000,0x0000000790200000)
  from space 68096K, 0% used [0x0000000790200000,0x0000000790200000,0x0000000794480000)
  to   space 93184K, 0% used [0x0000000799b80000,0x0000000799b80000,0x000000079f680000)
 ParOldGen       total 191488K, used 162613K [0x00000006c3200000, 0x00000006ced00000, 0x000000076bb80000)
  object space 191488K, 84% used [0x00000006c3200000,0x00000006cd0cd598,0x00000006ced00000)
 Metaspace       used 38106K, capacity 39246K, committed 43568K, reserved 1087488K
  class space    used 4041K, capacity 4324K, committed 4656K, reserved 1048576K
}

