# JRE version: Java(TM) SE Runtime Environment (8.0_271-b09) (build 1.8.0_271-b09)
# Java VM: Java HotSpot(TM) 64-Bit Server VM (25.271-b09 mixed mode windows-amd64 compressed oops)
Heap:
 PSYoungGen      total 278016K, used 158107K [0x000000076bb80000, 0x000000077ff00000, 0x00000007c0000000)
  eden space 259584K, 58% used [0x000000076bb80000,0x0000000775021368,0x000000077b900000)
  from space 18432K, 32% used [0x000000077b900000,0x000000077bec5ba8,0x000000077cb00000)
  to   space 18944K, 0% used [0x000000077ec80000,0x000000077ec80000,0x000000077ff00000)
 ParOldGen       total 201216K, used 25203K [0x00000006c3200000, 0x00000006cf680000, 0x000000076bb80000)
  object space 201216K, 12% used [0x00000006c3200000,0x00000006c4a9cda0,0x00000006cf680000)
 Metaspace       used 36088K, capacity 38104K, committed 38320K, reserved 1083392K
  class space    used 4051K, capacity 4437K, committed 4528K, reserved 1048576K
GC Heap History (10 events):
Event: 12.995 GC heap before
{Heap before GC invocations=9 (full 1):
 PSYoungGen      total 193536K, used 47544K [0x000000076bb80000, 0x000000077ba00000, 0x00000007c0000000)
  eden space 175616K, 21% used [0x000000076bb80000,0x000000076e0ad578,0x0000000776700000)
  from space 17920K, 52% used [0x0000000776700000,0x0000000777040d98,0x0000000777880000)
  to   space 18432K, 0% used [0x000000077a800000,0x000000077a800000,0x000000077ba00000)
 ParOldGen       total 127488K, used 18826K [0x00000006c3200000, 0x00000006cae80000, 0x000000076bb80000)
  object space 127488K, 14% used [0x00000006c3200000,0x00000006c4462908,0x00000006cae80000)
 Metaspace       used 34226K, capacity 35420K, committed 35496K, reserved 1081344K
  class space    used 3931K, capacity 4252K, committed 4272K, reserved 1048576K
Event: 13.003 GC heap after
Heap after GC invocations=9 (full 1):
 PSYoungGen      total 242176K, used 9287K [0x000000076bb80000, 0x000000077bb80000, 0x00000007c0000000)
  eden space 223744K, 0% used [0x000000076bb80000,0x000000076bb80000,0x0000000779600000)
  from space 18432K, 50% used [0x000000077a800000,0x000000077b111e58,0x000000077ba00000)
  to   space 18432K, 0% used [0x0000000779600000,0x0000000779600000,0x000000077a800000)
 ParOldGen       total 127488K, used 18834K [0x00000006c3200000, 0x00000006cae80000, 0x000000076bb80000)
  object space 127488K, 14% used [0x00000006c3200000,0x00000006c4464908,0x00000006cae80000)
 Metaspace       used 34226K, capacity 35420K, committed 35496K, reserved 1081344K
  class space    used 3931K, capacity 4252K, committed 4272K, reserved 1048576K
}
Event: 13.003 GC heap before
{Heap before GC invocations=10 (full 2):
 PSYoungGen      total 242176K, used 9287K [0x000000076bb80000, 0x000000077bb80000, 0x00000007c0000000)
  eden space 223744K, 0% used [0x000000076bb80000,0x000000076bb80000,0x0000000779600000)
  from space 18432K, 50% used [0x000000077a800000,0x000000077b111e58,0x000000077ba00000)
  to   space 18432K, 0% used [0x0000000779600000,0x0000000779600000,0x000000077a800000)
 ParOldGen       total 127488K, used 18834K [0x00000006c3200000, 0x00000006cae80000, 0x000000076bb80000)
  object space 127488K, 14% used [0x00000006c3200000,0x00000006c4464908,0x00000006cae80000)
 Metaspace       used 34226K, capacity 35420K, committed 35496K, reserved 1081344K
  class space    used 3931K, capacity 4252K, committed 4272K, reserved 1048576K
Event: 13.078 GC heap after
Heap after GC invocations=10 (full 2):
 PSYoungGen      total 242176K, used 0K [0x000000076bb80000, 0x000000077bb80000, 0x00000007c0000000)
  eden space 223744K, 0% used [0x000000076bb80000,0x000000076bb80000,0x0000000779600000)
  from space 18432K, 0% used [0x000000077a800000,0x000000077a800000,0x000000077ba00000)
  to   space 18432K, 0% used [0x0000000779600000,0x0000000779600000,0x000000077a800000)
 ParOldGen       total 201216K, used 25179K [0x00000006c3200000, 0x00000006cf680000, 0x000000076bb80000)
  object space 201216K, 12% used [0x00000006c3200000,0x00000006c4a96da0,0x00000006cf680000)
 Metaspace       used 33995K, capacity 34880K, committed 35496K, reserved 1081344K
  class space    used 3901K, capacity 4212K, committed 4272K, reserved 1048576K
}
Event: 17.210 GC heap before
{Heap before GC invocations=11 (full 2):
 PSYoungGen      total 242176K, used 223744K [0x000000076bb80000, 0x000000077bb80000, 0x00000007c0000000)
  eden space 223744K, 100% used [0x000000076bb80000,0x0000000779600000,0x0000000779600000)
  from space 18432K, 0% used [0x000000077a800000,0x000000077a800000,0x000000077ba00000)
  to   space 18432K, 0% used [0x0000000779600000,0x0000000779600000,0x000000077a800000)
 ParOldGen       total 201216K, used 25179K [0x00000006c3200000, 0x00000006cf680000, 0x000000076bb80000)
  object space 201216K, 12% used [0x00000006c3200000,0x00000006c4a96da0,0x00000006cf680000)
 Metaspace       used 34596K, capacity 35792K, committed 36136K, reserved 1081344K
  class space    used 3941K, capacity 4261K, committed 4400K, reserved 1048576K
Event: 17.214 GC heap after
Heap after GC invocations=11 (full 2):
 PSYoungGen      total 242176K, used 7162K [0x000000076bb80000, 0x000000077e380000, 0x00000007c0000000)
  eden space 223744K, 0% used [0x000000076bb80000,0x000000076bb80000,0x0000000779600000)
  from space 18432K, 38% used [0x0000000779600000,0x0000000779cfebe8,0x000000077a800000)
  to   space 18944K, 0% used [0x000000077d100000,0x000000077d100000,0x000000077e380000)
 ParOldGen       total 201216K, used 25187K [0x00000006c3200000, 0x00000006cf680000, 0x000000076bb80000)
  object space 201216K, 12% used [0x00000006c3200000,0x00000006c4a98da0,0x00000006cf680000)
 Metaspace       used 34596K, capacity 35792K, committed 36136K, reserved 1081344K
  class space    used 3941K, capacity 4261K, committed 4400K, reserved 1048576K
}
Event: 20.362 GC heap before
{Heap before GC invocations=12 (full 2):
 PSYoungGen      total 242176K, used 230906K [0x000000076bb80000, 0x000000077e380000, 0x00000007c0000000)
  eden space 223744K, 100% used [0x000000076bb80000,0x0000000779600000,0x0000000779600000)
  from space 18432K, 38% used [0x0000000779600000,0x0000000779cfebe8,0x000000077a800000)
  to   space 18944K, 0% used [0x000000077d100000,0x000000077d100000,0x000000077e380000)
 ParOldGen       total 201216K, used 25187K [0x00000006c3200000, 0x00000006cf680000, 0x000000076bb80000)
  object space 201216K, 12% used [0x00000006c3200000,0x00000006c4a98da0,0x00000006cf680000)
 Metaspace       used 35002K, capacity 36314K, committed 36648K, reserved 1081344K
  class space    used 3957K, capacity 4284K, committed 4400K, reserved 1048576K
Event: 20.366 GC heap after
Heap after GC invocations=12 (full 2):
 PSYoungGen      total 271360K, used 11845K [0x000000076bb80000, 0x000000077dd00000, 0x00000007c0000000)
  eden space 259072K, 0% used [0x000000076bb80000,0x000000076bb80000,0x000000077b880000)
  from space 12288K, 96% used [0x000000077d100000,0x000000077dc91720,0x000000077dd00000)
  to   space 18432K, 0% used [0x000000077b900000,0x000000077b900000,0x000000077cb00000)
 ParOldGen       total 201216K, used 25195K [0x00000006c3200000, 0x00000006cf680000, 0x000000076bb80000)
  object space 201216K, 12% used [0x00000006c3200000,0x00000006c4a9ada0,0x00000006cf680000)
 Metaspace       used 35002K, capacity 36314K, committed 36648K, reserved 1081344K
  class space    used 3957K, capacity 4284K, committed 4400K, reserved 1048576K
}
Event: 26.389 GC heap before
{Heap before GC invocations=13 (full 2):
 PSYoungGen      total 271360K, used 270917K [0x000000076bb80000, 0x000000077dd00000, 0x00000007c0000000)
  eden space 259072K, 100% used [0x000000076bb80000,0x000000077b880000,0x000000077b880000)
  from space 12288K, 96% used [0x000000077d100000,0x000000077dc91720,0x000000077dd00000)
  to   space 18432K, 0% used [0x000000077b900000,0x000000077b900000,0x000000077cb00000)
 ParOldGen       total 201216K, used 25195K [0x00000006c3200000, 0x00000006cf680000, 0x000000076bb80000)
  object space 201216K, 12% used [0x00000006c3200000,0x00000006c4a9ada0,0x00000006cf680000)
 Metaspace       used 35454K, capacity 37046K, committed 37160K, reserved 1081344K
  class space    used 3979K, capacity 4314K, committed 4400K, reserved 1048576K
Event: 26.394 GC heap after
Heap after GC invocations=13 (full 2):
 PSYoungGen      total 278016K, used 5910K [0x000000076bb80000, 0x000000077ff00000, 0x00000007c0000000)
  eden space 259584K, 0% used [0x000000076bb80000,0x000000076bb80000,0x000000077b900000)
  from space 18432K, 32% used [0x000000077b900000,0x000000077bec5ba8,0x000000077cb00000)
  to   space 18944K, 0% used [0x000000077ec80000,0x000000077ec80000,0x000000077ff00000)
 ParOldGen       total 201216K, used 25203K [0x00000006c3200000, 0x00000006cf680000, 0x000000076bb80000)
  object space 201216K, 12% used [0x00000006c3200000,0x00000006c4a9cda0,0x00000006cf680000)
 Metaspace       used 35454K, capacity 37046K, committed 37160K, reserved 1081344K
  class space    used 3979K, capacity 4314K, committed 4400K, reserved 1048576K
}

