# JRE version: Java(TM) SE Runtime Environment (8.0_271-b09) (build 1.8.0_271-b09)
# Java VM: Java HotSpot(TM) 64-Bit Server VM (25.271-b09 mixed mode windows-amd64 compressed oops)
Heap:
 PSYoungGen      total 466432K, used 72856K [0x000000076bb80000, 0x000000078d400000, 0x00000007c0000000)
  eden space 414720K, 9% used [0x000000076bb80000,0x000000076e1c2210,0x0000000785080000)
  from space 51712K, 65% used [0x0000000788580000,0x000000078a663f50,0x000000078b800000)
  to   space 54272K, 0% used [0x0000000785080000,0x0000000785080000,0x0000000788580000)
 ParOldGen       total 198144K, used 96519K [0x00000006c3200000, 0x00000006cf380000, 0x000000076bb80000)
  object space 198144K, 48% used [0x00000006c3200000,0x00000006c9041e90,0x00000006cf380000)
 Metaspace       used 43872K, capacity 46014K, committed 46512K, reserved 1091584K
  class space    used 4779K, capacity 5212K, committed 5296K, reserved 1048576K
GC Heap History (10 events):
Event: 74.543 GC heap before
{Heap before GC invocations=19 (full 3):
 PSYoungGen      total 342016K, used 322182K [0x000000076bb80000, 0x0000000783780000, 0x00000007c0000000)
  eden space 320000K, 100% used [0x000000076bb80000,0x000000077f400000,0x000000077f400000)
  from space 22016K, 9% used [0x000000077f400000,0x000000077f621b10,0x0000000780980000)
  to   space 22016K, 0% used [0x0000000782200000,0x0000000782200000,0x0000000783780000)
 ParOldGen       total 198144K, used 28271K [0x00000006c3200000, 0x00000006cf380000, 0x000000076bb80000)
  object space 198144K, 14% used [0x00000006c3200000,0x00000006c4d9bed0,0x00000006cf380000)
 Metaspace       used 36734K, capacity 38646K, committed 39600K, reserved 1085440K
  class space    used 4057K, capacity 4442K, committed 4528K, reserved 1048576K
Event: 74.545 GC heap after
Heap after GC invocations=19 (full 3):
 PSYoungGen      total 356864K, used 11187K [0x000000076bb80000, 0x0000000783200000, 0x00000007c0000000)
  eden space 340480K, 0% used [0x000000076bb80000,0x000000076bb80000,0x0000000780800000)
  from space 16384K, 68% used [0x0000000782200000,0x0000000782cecf30,0x0000000783200000)
  to   space 21504K, 0% used [0x0000000780800000,0x0000000780800000,0x0000000781d00000)
 ParOldGen       total 198144K, used 28271K [0x00000006c3200000, 0x00000006cf380000, 0x000000076bb80000)
  object space 198144K, 14% used [0x00000006c3200000,0x00000006c4d9bed0,0x00000006cf380000)
 Metaspace       used 36734K, capacity 38646K, committed 39600K, reserved 1085440K
  class space    used 4057K, capacity 4442K, committed 4528K, reserved 1048576K
}
Event: 78.845 GC heap before
{Heap before GC invocations=20 (full 3):
 PSYoungGen      total 356864K, used 351667K [0x000000076bb80000, 0x0000000783200000, 0x00000007c0000000)
  eden space 340480K, 100% used [0x000000076bb80000,0x0000000780800000,0x0000000780800000)
  from space 16384K, 68% used [0x0000000782200000,0x0000000782cecf30,0x0000000783200000)
  to   space 21504K, 0% used [0x0000000780800000,0x0000000780800000,0x0000000781d00000)
 ParOldGen       total 198144K, used 28271K [0x00000006c3200000, 0x00000006cf380000, 0x000000076bb80000)
  object space 198144K, 14% used [0x00000006c3200000,0x00000006c4d9bed0,0x00000006cf380000)
 Metaspace       used 36915K, capacity 38938K, committed 39600K, reserved 1085440K
  class space    used 4070K, capacity 4460K, committed 4528K, reserved 1048576K
Event: 78.856 GC heap after
Heap after GC invocations=20 (full 3):
 PSYoungGen      total 361984K, used 19927K [0x000000076bb80000, 0x0000000784980000, 0x00000007c0000000)
  eden space 340480K, 0% used [0x000000076bb80000,0x000000076bb80000,0x0000000780800000)
  from space 21504K, 92% used [0x0000000780800000,0x0000000781b75c20,0x0000000781d00000)
  to   space 24064K, 0% used [0x0000000783200000,0x0000000783200000,0x0000000784980000)
 ParOldGen       total 198144K, used 28279K [0x00000006c3200000, 0x00000006cf380000, 0x000000076bb80000)
  object space 198144K, 14% used [0x00000006c3200000,0x00000006c4d9ded0,0x00000006cf380000)
 Metaspace       used 36915K, capacity 38938K, committed 39600K, reserved 1085440K
  class space    used 4070K, capacity 4460K, committed 4528K, reserved 1048576K
}
Event: 80.002 GC heap before
{Heap before GC invocations=21 (full 3):
 PSYoungGen      total 361984K, used 360407K [0x000000076bb80000, 0x0000000784980000, 0x00000007c0000000)
  eden space 340480K, 100% used [0x000000076bb80000,0x0000000780800000,0x0000000780800000)
  from space 21504K, 92% used [0x0000000780800000,0x0000000781b75c20,0x0000000781d00000)
  to   space 24064K, 0% used [0x0000000783200000,0x0000000783200000,0x0000000784980000)
 ParOldGen       total 198144K, used 28279K [0x00000006c3200000, 0x00000006cf380000, 0x000000076bb80000)
  object space 198144K, 14% used [0x00000006c3200000,0x00000006c4d9ded0,0x00000006cf380000)
 Metaspace       used 36971K, capacity 39046K, committed 39600K, reserved 1085440K
  class space    used 4076K, capacity 4468K, committed 4528K, reserved 1048576K
Event: 80.007 GC heap after
Heap after GC invocations=21 (full 3):
 PSYoungGen      total 384512K, used 8535K [0x000000076bb80000, 0x0000000784d00000, 0x00000007c0000000)
  eden space 360448K, 0% used [0x000000076bb80000,0x000000076bb80000,0x0000000781b80000)
  from space 24064K, 35% used [0x0000000783200000,0x0000000783a55c88,0x0000000784980000)
  to   space 23040K, 0% used [0x0000000781b80000,0x0000000781b80000,0x0000000783200000)
 ParOldGen       total 198144K, used 28279K [0x00000006c3200000, 0x00000006cf380000, 0x000000076bb80000)
  object space 198144K, 14% used [0x00000006c3200000,0x00000006c4d9ded0,0x00000006cf380000)
 Metaspace       used 36971K, capacity 39046K, committed 39600K, reserved 1085440K
  class space    used 4076K, capacity 4468K, committed 4528K, reserved 1048576K
}
Event: 82.115 GC heap before
{Heap before GC invocations=22 (full 3):
 PSYoungGen      total 384512K, used 368983K [0x000000076bb80000, 0x0000000784d00000, 0x00000007c0000000)
  eden space 360448K, 100% used [0x000000076bb80000,0x0000000781b80000,0x0000000781b80000)
  from space 24064K, 35% used [0x0000000783200000,0x0000000783a55c88,0x0000000784980000)
  to   space 23040K, 0% used [0x0000000781b80000,0x0000000781b80000,0x0000000783200000)
 ParOldGen       total 198144K, used 28279K [0x00000006c3200000, 0x00000006cf380000, 0x000000076bb80000)
  object space 198144K, 14% used [0x00000006c3200000,0x00000006c4d9ded0,0x00000006cf380000)
 Metaspace       used 41768K, capacity 43902K, committed 44336K, reserved 1089536K
  class space    used 4613K, capacity 5020K, committed 5168K, reserved 1048576K
Event: 82.153 GC heap after
Heap after GC invocations=22 (full 3):
 PSYoungGen      total 383488K, used 23021K [0x000000076bb80000, 0x000000078b800000, 0x00000007c0000000)
  eden space 360448K, 0% used [0x000000076bb80000,0x000000076bb80000,0x0000000781b80000)
  from space 23040K, 99% used [0x0000000781b80000,0x00000007831fb408,0x0000000783200000)
  to   space 51712K, 0% used [0x0000000788580000,0x0000000788580000,0x000000078b800000)
 ParOldGen       total 198144K, used 96511K [0x00000006c3200000, 0x00000006cf380000, 0x000000076bb80000)
  object space 198144K, 48% used [0x00000006c3200000,0x00000006c903fe90,0x00000006cf380000)
 Metaspace       used 41768K, capacity 43902K, committed 44336K, reserved 1089536K
  class space    used 4613K, capacity 5020K, committed 5168K, reserved 1048576K
}
Event: 83.621 GC heap before
{Heap before GC invocations=23 (full 3):
 PSYoungGen      total 383488K, used 383469K [0x000000076bb80000, 0x000000078b800000, 0x00000007c0000000)
  eden space 360448K, 100% used [0x000000076bb80000,0x0000000781b80000,0x0000000781b80000)
  from space 23040K, 99% used [0x0000000781b80000,0x00000007831fb408,0x0000000783200000)
  to   space 51712K, 0% used [0x0000000788580000,0x0000000788580000,0x000000078b800000)
 ParOldGen       total 198144K, used 96511K [0x00000006c3200000, 0x00000006cf380000, 0x000000076bb80000)
  object space 198144K, 48% used [0x00000006c3200000,0x00000006c903fe90,0x00000006cf380000)
 Metaspace       used 43841K, capacity 45950K, committed 46512K, reserved 1091584K
  class space    used 4778K, capacity 5212K, committed 5296K, reserved 1048576K
Event: 83.664 GC heap after
Heap after GC invocations=23 (full 3):
 PSYoungGen      total 466432K, used 33679K [0x000000076bb80000, 0x000000078d400000, 0x00000007c0000000)
  eden space 414720K, 0% used [0x000000076bb80000,0x000000076bb80000,0x0000000785080000)
  from space 51712K, 65% used [0x0000000788580000,0x000000078a663f50,0x000000078b800000)
  to   space 54272K, 0% used [0x0000000785080000,0x0000000785080000,0x0000000788580000)
 ParOldGen       total 198144K, used 96519K [0x00000006c3200000, 0x00000006cf380000, 0x000000076bb80000)
  object space 198144K, 48% used [0x00000006c3200000,0x00000006c9041e90,0x00000006cf380000)
 Metaspace       used 43841K, capacity 45950K, committed 46512K, reserved 1091584K
  class space    used 4778K, capacity 5212K, committed 5296K, reserved 1048576K
}

