# JRE version: Java(TM) SE Runtime Environment (8.0_271-b09) (build 1.8.0_271-b09)
# Java VM: Java HotSpot(TM) 64-Bit Server VM (25.271-b09 mixed mode windows-amd64 compressed oops)
Heap:
 PSYoungGen      total 260096K, used 225070K [0x000000076bb80000, 0x000000077d280000, 0x00000007c0000000)
  eden space 245760K, 90% used [0x000000076bb80000,0x0000000779563838,0x000000077ab80000)
  from space 14336K, 13% used [0x000000077c480000,0x000000077c668000,0x000000077d280000)
  to   space 19968K, 0% used [0x000000077ab80000,0x000000077ab80000,0x000000077bf00000)
 ParOldGen       total 207872K, used 25427K [0x00000006c3200000, 0x00000006cfd00000, 0x000000076bb80000)
  object space 207872K, 12% used [0x00000006c3200000,0x00000006c4ad4ee0,0x00000006cfd00000)
 Metaspace       used 35360K, capacity 36842K, committed 37160K, reserved 1081344K
  class space    used 3977K, capacity 4310K, committed 4400K, reserved 1048576K
GC Heap History (10 events):
Event: 13.625 GC heap before
{Heap before GC invocations=8 (full 1):
 PSYoungGen      total 184832K, used 184757K [0x000000076bb80000, 0x0000000778700000, 0x00000007c0000000)
  eden space 172032K, 100% used [0x000000076bb80000,0x0000000776380000,0x0000000776380000)
  from space 12800K, 99% used [0x0000000777a80000,0x00000007786ed7d0,0x0000000778700000)
  to   space 17920K, 0% used [0x0000000776400000,0x0000000776400000,0x0000000777580000)
 ParOldGen       total 131584K, used 21398K [0x00000006c3200000, 0x00000006cb280000, 0x000000076bb80000)
  object space 131584K, 16% used [0x00000006c3200000,0x00000006c46e5ac8,0x00000006cb280000)
 Metaspace       used 34068K, capacity 35160K, committed 35248K, reserved 1081344K
  class space    used 3913K, capacity 4219K, committed 4272K, reserved 1048576K
Event: 13.631 GC heap after
Heap after GC invocations=8 (full 1):
 PSYoungGen      total 190464K, used 9610K [0x000000076bb80000, 0x000000077b500000, 0x00000007c0000000)
  eden space 172544K, 0% used [0x000000076bb80000,0x000000076bb80000,0x0000000776400000)
  from space 17920K, 53% used [0x0000000776400000,0x0000000776d62ba8,0x0000000777580000)
  to   space 18432K, 0% used [0x000000077a300000,0x000000077a300000,0x000000077b500000)
 ParOldGen       total 131584K, used 21406K [0x00000006c3200000, 0x00000006cb280000, 0x000000076bb80000)
  object space 131584K, 16% used [0x00000006c3200000,0x00000006c46e7ac8,0x00000006cb280000)
 Metaspace       used 34068K, capacity 35160K, committed 35248K, reserved 1081344K
  class space    used 3913K, capacity 4219K, committed 4272K, reserved 1048576K
}
Event: 15.738 GC heap before
{Heap before GC invocations=9 (full 1):
 PSYoungGen      total 190464K, used 50097K [0x000000076bb80000, 0x000000077b500000, 0x00000007c0000000)
  eden space 172544K, 23% used [0x000000076bb80000,0x000000076e309a28,0x0000000776400000)
  from space 17920K, 53% used [0x0000000776400000,0x0000000776d62ba8,0x0000000777580000)
  to   space 18432K, 0% used [0x000000077a300000,0x000000077a300000,0x000000077b500000)
 ParOldGen       total 131584K, used 21406K [0x00000006c3200000, 0x00000006cb280000, 0x000000076bb80000)
  object space 131584K, 16% used [0x00000006c3200000,0x00000006c46e7ac8,0x00000006cb280000)
 Metaspace       used 34218K, capacity 35422K, committed 35496K, reserved 1081344K
  class space    used 3933K, capacity 4254K, committed 4272K, reserved 1048576K
Event: 15.748 GC heap after
Heap after GC invocations=9 (full 1):
 PSYoungGen      total 232960K, used 9543K [0x000000076bb80000, 0x000000077b300000, 0x00000007c0000000)
  eden space 216576K, 0% used [0x000000076bb80000,0x000000076bb80000,0x0000000778f00000)
  from space 16384K, 58% used [0x000000077a300000,0x000000077ac51e58,0x000000077b300000)
  to   space 18432K, 0% used [0x0000000778f00000,0x0000000778f00000,0x000000077a100000)
 ParOldGen       total 131584K, used 21414K [0x00000006c3200000, 0x00000006cb280000, 0x000000076bb80000)
  object space 131584K, 16% used [0x00000006c3200000,0x00000006c46e9ac8,0x00000006cb280000)
 Metaspace       used 34218K, capacity 35422K, committed 35496K, reserved 1081344K
  class space    used 3933K, capacity 4254K, committed 4272K, reserved 1048576K
}
Event: 15.748 GC heap before
{Heap before GC invocations=10 (full 2):
 PSYoungGen      total 232960K, used 9543K [0x000000076bb80000, 0x000000077b300000, 0x00000007c0000000)
  eden space 216576K, 0% used [0x000000076bb80000,0x000000076bb80000,0x0000000778f00000)
  from space 16384K, 58% used [0x000000077a300000,0x000000077ac51e58,0x000000077b300000)
  to   space 18432K, 0% used [0x0000000778f00000,0x0000000778f00000,0x000000077a100000)
 ParOldGen       total 131584K, used 21414K [0x00000006c3200000, 0x00000006cb280000, 0x000000076bb80000)
  object space 131584K, 16% used [0x00000006c3200000,0x00000006c46e9ac8,0x00000006cb280000)
 Metaspace       used 34218K, capacity 35422K, committed 35496K, reserved 1081344K
  class space    used 3933K, capacity 4254K, committed 4272K, reserved 1048576K
Event: 15.842 GC heap after
Heap after GC invocations=10 (full 2):
 PSYoungGen      total 232960K, used 0K [0x000000076bb80000, 0x000000077b300000, 0x00000007c0000000)
  eden space 216576K, 0% used [0x000000076bb80000,0x000000076bb80000,0x0000000778f00000)
  from space 16384K, 0% used [0x000000077a300000,0x000000077a300000,0x000000077b300000)
  to   space 18432K, 0% used [0x0000000778f00000,0x0000000778f00000,0x000000077a100000)
 ParOldGen       total 207872K, used 25411K [0x00000006c3200000, 0x00000006cfd00000, 0x000000076bb80000)
  object space 207872K, 12% used [0x00000006c3200000,0x00000006c4ad0ee0,0x00000006cfd00000)
 Metaspace       used 33987K, capacity 34882K, committed 35496K, reserved 1081344K
  class space    used 3904K, capacity 4214K, committed 4272K, reserved 1048576K
}
Event: 22.493 GC heap before
{Heap before GC invocations=11 (full 2):
 PSYoungGen      total 232960K, used 216576K [0x000000076bb80000, 0x000000077b300000, 0x00000007c0000000)
  eden space 216576K, 100% used [0x000000076bb80000,0x0000000778f00000,0x0000000778f00000)
  from space 16384K, 0% used [0x000000077a300000,0x000000077a300000,0x000000077b300000)
  to   space 18432K, 0% used [0x0000000778f00000,0x0000000778f00000,0x000000077a100000)
 ParOldGen       total 207872K, used 25411K [0x00000006c3200000, 0x00000006cfd00000, 0x000000076bb80000)
  object space 207872K, 12% used [0x00000006c3200000,0x00000006c4ad0ee0,0x00000006cfd00000)
 Metaspace       used 34533K, capacity 35652K, committed 35880K, reserved 1081344K
  class space    used 3939K, capacity 4257K, committed 4400K, reserved 1048576K
Event: 22.497 GC heap after
Heap after GC invocations=11 (full 2):
 PSYoungGen      total 235008K, used 6971K [0x000000076bb80000, 0x000000077d700000, 0x00000007c0000000)
  eden space 216576K, 0% used [0x000000076bb80000,0x000000076bb80000,0x0000000778f00000)
  from space 18432K, 37% used [0x0000000778f00000,0x00000007795cef00,0x000000077a100000)
  to   space 18944K, 0% used [0x000000077c480000,0x000000077c480000,0x000000077d700000)
 ParOldGen       total 207872K, used 25419K [0x00000006c3200000, 0x00000006cfd00000, 0x000000076bb80000)
  object space 207872K, 12% used [0x00000006c3200000,0x00000006c4ad2ee0,0x00000006cfd00000)
 Metaspace       used 34533K, capacity 35652K, committed 35880K, reserved 1081344K
  class space    used 3939K, capacity 4257K, committed 4400K, reserved 1048576K
}
Event: 29.566 GC heap before
{Heap before GC invocations=12 (full 2):
 PSYoungGen      total 235008K, used 223547K [0x000000076bb80000, 0x000000077d700000, 0x00000007c0000000)
  eden space 216576K, 100% used [0x000000076bb80000,0x0000000778f00000,0x0000000778f00000)
  from space 18432K, 37% used [0x0000000778f00000,0x00000007795cef00,0x000000077a100000)
  to   space 18944K, 0% used [0x000000077c480000,0x000000077c480000,0x000000077d700000)
 ParOldGen       total 207872K, used 25419K [0x00000006c3200000, 0x00000006cfd00000, 0x000000076bb80000)
  object space 207872K, 12% used [0x00000006c3200000,0x00000006c4ad2ee0,0x00000006cfd00000)
 Metaspace       used 35015K, capacity 36314K, committed 36648K, reserved 1081344K
  class space    used 3958K, capacity 4284K, committed 4400K, reserved 1048576K
Event: 29.568 GC heap after
Heap after GC invocations=12 (full 2):
 PSYoungGen      total 260096K, used 1952K [0x000000076bb80000, 0x000000077d280000, 0x00000007c0000000)
  eden space 245760K, 0% used [0x000000076bb80000,0x000000076bb80000,0x000000077ab80000)
  from space 14336K, 13% used [0x000000077c480000,0x000000077c668000,0x000000077d280000)
  to   space 19968K, 0% used [0x000000077ab80000,0x000000077ab80000,0x000000077bf00000)
 ParOldGen       total 207872K, used 25427K [0x00000006c3200000, 0x00000006cfd00000, 0x000000076bb80000)
  object space 207872K, 12% used [0x00000006c3200000,0x00000006c4ad4ee0,0x00000006cfd00000)
 Metaspace       used 35015K, capacity 36314K, committed 36648K, reserved 1081344K
  class space    used 3958K, capacity 4284K, committed 4400K, reserved 1048576K
}

