# JRE version: Java(TM) SE Runtime Environment (8.0_271-b09) (build 1.8.0_271-b09)
# Java VM: Java HotSpot(TM) 64-Bit Server VM (25.271-b09 mixed mode windows-amd64 compressed oops)
Heap:
 PSYoungGen      total 1221120K, used 82909K [0x000000076ab00000, 0x00000007bfa00000, 0x00000007c0000000)
  eden space 1063936K, 7% used [0x000000076ab00000,0x000000076fbf77d8,0x00000007aba00000)
  from space 157184K, 0% used [0x00000007aba00000,0x00000007aba00000,0x00000007b5380000)
  to   space 155136K, 0% used [0x00000007b6280000,0x00000007b6280000,0x00000007bfa00000)
 ParOldGen       total 2112000K, used 420473K [0x00000006c0000000, 0x0000000740e80000, 0x000000076ab00000)
  object space 2112000K, 19% used [0x00000006c0000000,0x00000006d9a9e568,0x0000000740e80000)
 Metaspace       used 140853K, capacity 156983K, committed 157132K, reserved 1183744K
  class space    used 18482K, capacity 22137K, committed 22272K, reserved 1048576K
GC Heap History (10 events):
Event: 1025.426 GC heap before
{Heap before GC invocations=299 (full 88):
 PSYoungGen      total 1221120K, used 1063936K [0x000000076ab00000, 0x00000007bfa00000, 0x00000007c0000000)
  eden space 1063936K, 100% used [0x000000076ab00000,0x00000007aba00000,0x00000007aba00000)
  from space 157184K, 0% used [0x00000007aba00000,0x00000007aba00000,0x00000007b5380000)
  to   space 155136K, 0% used [0x00000007b6280000,0x00000007b6280000,0x00000007bfa00000)
 ParOldGen       total 1846784K, used 1846566K [0x00000006c0000000, 0x0000000730b80000, 0x000000076ab00000)
  object space 1846784K, 99% used [0x00000006c0000000,0x0000000730b49968,0x0000000730b80000)
 Metaspace       used 140631K, capacity 156681K, committed 157004K, reserved 1183744K
  class space    used 18434K, capacity 22070K, committed 22144K, reserved 1048576K
Event: 1028.774 GC heap after
Heap after GC invocations=299 (full 88):
 PSYoungGen      total 1221120K, used 817451K [0x000000076ab00000, 0x00000007bfa00000, 0x00000007c0000000)
  eden space 1063936K, 76% used [0x000000076ab00000,0x000000079c94af10,0x00000007aba00000)
  from space 157184K, 0% used [0x00000007aba00000,0x00000007aba00000,0x00000007b5380000)
  to   space 155136K, 0% used [0x00000007b6280000,0x00000007b6280000,0x00000007bfa00000)
 ParOldGen       total 1846784K, used 1846565K [0x00000006c0000000, 0x0000000730b80000, 0x000000076ab00000)
  object space 1846784K, 99% used [0x00000006c0000000,0x0000000730b49720,0x0000000730b80000)
 Metaspace       used 140631K, capacity 156681K, committed 157004K, reserved 1183744K
  class space    used 18434K, capacity 22070K, committed 22144K, reserved 1048576K
}
Event: 1028.928 GC heap before
{Heap before GC invocations=300 (full 89):
 PSYoungGen      total 1221120K, used 1063936K [0x000000076ab00000, 0x00000007bfa00000, 0x00000007c0000000)
  eden space 1063936K, 100% used [0x000000076ab00000,0x00000007aba00000,0x00000007aba00000)
  from space 157184K, 0% used [0x00000007aba00000,0x00000007aba00000,0x00000007b5380000)
  to   space 155136K, 0% used [0x00000007b6280000,0x00000007b6280000,0x00000007bfa00000)
 ParOldGen       total 1846784K, used 1846565K [0x00000006c0000000, 0x0000000730b80000, 0x000000076ab00000)
  object space 1846784K, 99% used [0x00000006c0000000,0x0000000730b49720,0x0000000730b80000)
 Metaspace       used 140631K, capacity 156681K, committed 157004K, reserved 1183744K
  class space    used 18434K, capacity 22070K, committed 22144K, reserved 1048576K
Event: 1030.575 GC heap after
Heap after GC invocations=300 (full 89):
 PSYoungGen      total 1221120K, used 823338K [0x000000076ab00000, 0x00000007bfa00000, 0x00000007c0000000)
  eden space 1063936K, 77% used [0x000000076ab00000,0x000000079cf0a820,0x00000007aba00000)
  from space 157184K, 0% used [0x00000007aba00000,0x00000007aba00000,0x00000007b5380000)
  to   space 155136K, 0% used [0x00000007b6280000,0x00000007b6280000,0x00000007bfa00000)
 ParOldGen       total 1846784K, used 1846565K [0x00000006c0000000, 0x0000000730b80000, 0x000000076ab00000)
  object space 1846784K, 99% used [0x00000006c0000000,0x0000000730b49720,0x0000000730b80000)
 Metaspace       used 140631K, capacity 156681K, committed 157004K, reserved 1183744K
  class space    used 18434K, capacity 22070K, committed 22144K, reserved 1048576K
}
Event: 1032.010 GC heap before
{Heap before GC invocations=301 (full 90):
 PSYoungGen      total 1221120K, used 1063936K [0x000000076ab00000, 0x00000007bfa00000, 0x00000007c0000000)
  eden space 1063936K, 100% used [0x000000076ab00000,0x00000007aba00000,0x00000007aba00000)
  from space 157184K, 0% used [0x00000007aba00000,0x00000007aba00000,0x00000007b5380000)
  to   space 155136K, 0% used [0x00000007b6280000,0x00000007b6280000,0x00000007bfa00000)
 ParOldGen       total 1846784K, used 1846565K [0x00000006c0000000, 0x0000000730b80000, 0x000000076ab00000)
  object space 1846784K, 99% used [0x00000006c0000000,0x0000000730b49720,0x0000000730b80000)
 Metaspace       used 140639K, capacity 156693K, committed 157004K, reserved 1183744K
  class space    used 18435K, capacity 22072K, committed 22144K, reserved 1048576K
Event: 1035.498 GC heap after
Heap after GC invocations=301 (full 90):
 PSYoungGen      total 1221120K, used 821928K [0x000000076ab00000, 0x00000007bfa00000, 0x00000007c0000000)
  eden space 1063936K, 77% used [0x000000076ab00000,0x000000079cdaa200,0x00000007aba00000)
  from space 157184K, 0% used [0x00000007aba00000,0x00000007aba00000,0x00000007b5380000)
  to   space 155136K, 0% used [0x00000007b6280000,0x00000007b6280000,0x00000007bfa00000)
 ParOldGen       total 1846784K, used 1846564K [0x00000006c0000000, 0x0000000730b80000, 0x000000076ab00000)
  object space 1846784K, 99% used [0x00000006c0000000,0x0000000730b493a0,0x0000000730b80000)
 Metaspace       used 140639K, capacity 156693K, committed 157004K, reserved 1183744K
  class space    used 18435K, capacity 22072K, committed 22144K, reserved 1048576K
}
Event: 1035.683 GC heap before
{Heap before GC invocations=302 (full 91):
 PSYoungGen      total 1221120K, used 1063936K [0x000000076ab00000, 0x00000007bfa00000, 0x00000007c0000000)
  eden space 1063936K, 100% used [0x000000076ab00000,0x00000007aba00000,0x00000007aba00000)
  from space 157184K, 0% used [0x00000007aba00000,0x00000007aba00000,0x00000007b5380000)
  to   space 155136K, 0% used [0x00000007b6280000,0x00000007b6280000,0x00000007bfa00000)
 ParOldGen       total 1846784K, used 1846564K [0x00000006c0000000, 0x0000000730b80000, 0x000000076ab00000)
  object space 1846784K, 99% used [0x00000006c0000000,0x0000000730b493a0,0x0000000730b80000)
 Metaspace       used 140658K, capacity 156721K, committed 157004K, reserved 1183744K
  class space    used 18442K, capacity 22082K, committed 22144K, reserved 1048576K
Event: 1038.881 GC heap after
Heap after GC invocations=302 (full 91):
 PSYoungGen      total 1221120K, used 829126K [0x000000076ab00000, 0x00000007bfa00000, 0x00000007c0000000)
  eden space 1063936K, 77% used [0x000000076ab00000,0x000000079d4b1b20,0x00000007aba00000)
  from space 157184K, 0% used [0x00000007aba00000,0x00000007aba00000,0x00000007b5380000)
  to   space 155136K, 0% used [0x00000007b6280000,0x00000007b6280000,0x00000007bfa00000)
 ParOldGen       total 1846784K, used 1846564K [0x00000006c0000000, 0x0000000730b80000, 0x000000076ab00000)
  object space 1846784K, 99% used [0x00000006c0000000,0x0000000730b49108,0x0000000730b80000)
 Metaspace       used 140658K, capacity 156721K, committed 157004K, reserved 1183744K
  class space    used 18442K, capacity 22082K, committed 22144K, reserved 1048576K
}
Event: 1039.090 GC heap before
{Heap before GC invocations=303 (full 92):
 PSYoungGen      total 1221120K, used 1062788K [0x000000076ab00000, 0x00000007bfa00000, 0x00000007c0000000)
  eden space 1063936K, 99% used [0x000000076ab00000,0x00000007ab8e1130,0x00000007aba00000)
  from space 157184K, 0% used [0x00000007aba00000,0x00000007aba00000,0x00000007b5380000)
  to   space 155136K, 0% used [0x00000007b6280000,0x00000007b6280000,0x00000007bfa00000)
 ParOldGen       total 1846784K, used 1846564K [0x00000006c0000000, 0x0000000730b80000, 0x000000076ab00000)
  object space 1846784K, 99% used [0x00000006c0000000,0x0000000730b49108,0x0000000730b80000)
 Metaspace       used 140830K, capacity 156959K, committed 157132K, reserved 1183744K
  class space    used 18475K, capacity 22133K, committed 22272K, reserved 1048576K
Event: 1039.611 GC heap after
Heap after GC invocations=303 (full 92):
 PSYoungGen      total 1221120K, used 0K [0x000000076ab00000, 0x00000007bfa00000, 0x00000007c0000000)
  eden space 1063936K, 0% used [0x000000076ab00000,0x000000076ab00000,0x00000007aba00000)
  from space 157184K, 0% used [0x00000007aba00000,0x00000007aba00000,0x00000007b5380000)
  to   space 155136K, 0% used [0x00000007b6280000,0x00000007b6280000,0x00000007bfa00000)
 ParOldGen       total 2112000K, used 420473K [0x00000006c0000000, 0x0000000740e80000, 0x000000076ab00000)
  object space 2112000K, 19% used [0x00000006c0000000,0x00000006d9a9e568,0x0000000740e80000)
 Metaspace       used 140830K, capacity 156959K, committed 157132K, reserved 1183744K
  class space    used 18475K, capacity 22133K, committed 22272K, reserved 1048576K
}

